<?xml version="1.0" encoding="UTF-8"?>
<!-- Generated by org.testng.reporters.JUnitXMLReporter -->
<testsuite ignored="2" hostname="hp" failures="0" tests="7" name="Test" time="0.059" errors="0" timestamp="2022-11-01T14:29:11 IST">
  <testcase classname="testNG_program.A3" name="tc7" time="0.007"/>
  <testcase classname="testNG_program.A3" name="tc8" time="0.0"/>
  <testcase classname="testNG_program.A3" name="tc9" time="0.001"/>
  <testcase classname="testNG_program.A2" name="tc6" time="0.001"/>
  <testcase classname="testNG_program.A1" name="tc1" time="0.002"/>
  <testcase classname="testNG_program.A1" name="tc2" time="0.002"/>
  <testcase classname="testNG_program.A1" name="tc3" time="0.0"/>
  <testcase classname="testNG_program.A2" name="tc5" time="0.0">
    <ignored/>
  </testcase> <!-- tc5 -->
  <testcase classname="testNG_program.A2" name="tc4" time="0.0">
    <ignored/>
  </testcase> <!-- tc4 -->
</testsuite> <!-- Test -->
