<?xml version="1.0" encoding="UTF-8"?>
<!-- Generated by org.testng.reporters.JUnitXMLReporter -->
<testsuite ignored="2" hostname="hp" failures="1" tests="1" name="Test(failed)" time="0.056" errors="0" timestamp="2022-11-01T14:03:37 IST">
  <testcase classname="testNG_program.emailable" name="tc3" time="0.015">
    <failure type="java.lang.AssertionError" message="null">
      <![CDATA[java.lang.AssertionError: null
at testNG_program.emailable.tc3(emailable.java:21)
at java.base/java.util.ArrayList.forEach(ArrayList.java:1511)
... Removed 29 stack frames]]>
    </failure>
  </testcase> <!-- tc3 -->
  <testcase classname="testNG_program.emailable" name="tc1" time="0.0">
    <ignored/>
  </testcase> <!-- tc1 -->
  <testcase classname="testNG_program.emailable" name="tc2" time="0.0">
    <ignored/>
  </testcase> <!-- tc2 -->
</testsuite> <!-- Test(failed) -->
