<?xml version="1.0" encoding="UTF-8"?>
<testng-results ignored="0" total="1" passed="1" failed="0" skipped="0">
  <reporter-output>
    <line>
      <![CDATA[running tc]]>
    </line>
    <line>
      <![CDATA[logout from app]]>
    </line>
    <line>
      <![CDATA[close the browser]]>
    </line>
  </reporter-output>
  <suite started-at="2022-11-14T16:59:33 IST" name="Default suite" finished-at="2022-11-14T16:59:54 IST" duration-ms="20659">
    <groups>
    </groups>
    <test started-at="2022-11-14T16:59:33 IST" name="Default test" finished-at="2022-11-14T16:59:54 IST" duration-ms="20659">
      <class name="pom_actitime.Test_testng">
        <test-method is-config="true" signature="openbrowser()[pri:0, instance:pom_actitime.Test_testng@194bcebf]" started-at="2022-11-14T16:59:33 IST" name="openbrowser" finished-at="2022-11-14T16:59:49 IST" duration-ms="15743" status="PASS">
          <reporter-output>
          </reporter-output>
        </test-method> <!-- openbrowser -->
        <test-method is-config="true" signature="logintoapp()[pri:0, instance:pom_actitime.Test_testng@194bcebf]" started-at="2022-11-14T16:59:49 IST" name="logintoapp" finished-at="2022-11-14T16:59:49 IST" duration-ms="240" status="PASS">
          <reporter-output>
          </reporter-output>
        </test-method> <!-- logintoapp -->
        <test-method signature="verifytexts()[pri:0, instance:pom_actitime.Test_testng@194bcebf]" started-at="2022-11-14T16:59:49 IST" name="verifytexts" finished-at="2022-11-14T16:59:54 IST" duration-ms="4639" status="PASS">
          <reporter-output>
            <line>
              <![CDATA[running tc]]>
            </line>
          </reporter-output>
        </test-method> <!-- verifytexts -->
        <test-method is-config="true" signature="logout()[pri:0, instance:pom_actitime.Test_testng@194bcebf]" started-at="2022-11-14T16:59:54 IST" name="logout" finished-at="2022-11-14T16:59:54 IST" duration-ms="0" status="PASS">
          <reporter-output>
            <line>
              <![CDATA[logout from app]]>
            </line>
          </reporter-output>
        </test-method> <!-- logout -->
        <test-method is-config="true" signature="closebrowser()[pri:0, instance:pom_actitime.Test_testng@194bcebf]" started-at="2022-11-14T16:59:54 IST" name="closebrowser" finished-at="2022-11-14T16:59:54 IST" duration-ms="1" status="PASS">
          <reporter-output>
            <line>
              <![CDATA[close the browser]]>
            </line>
          </reporter-output>
        </test-method> <!-- closebrowser -->
      </class> <!-- pom_actitime.Test_testng -->
    </test> <!-- Default test -->
  </suite> <!-- Default suite -->
</testng-results>
